Points:
[ 0.5 -0.5 -0.5 ]
[ -0.5 -0.5 -0.5 ]
[ 0.5 0.5 -0.5 ]
[ 0.5 0.5 0.5 ]
[ 0.5 -0.5 0.5 ]
[ -0.5 -0.5 0.5 ]
[ -0.5 0.5 0.5 ]
[ -1.45682e+144 -1.45682e+144 -1.45682e+144 ]
[ -0.5 0.5 -0.5 ]
[ 0.5 0.5 -0.5 ]
[ 0.5 -0.5 -0.5 ]
[ -1.45682e+144 -1.45682e+144 -1.45682e+144 ]
[ 0.5 -0.5 -0.5 ]
[ -0.5 -0.5 -0.5 ]
[ -0.5 0.5 -0.5 ]
[ 0.5 -0.5 -0.5 ]
Triangles:
[ 10 7 8 ]
[ 0 2 3 ]
[ 0 4 5 ]
[ 2 14 6 ]
[ 4 3 6 ]
[ 1 5 6 ]
[ 12 0 1 ]
[ 8 7 13 ]
[ 9 8 14 ]
[ 10 9 2 ]
[ 8 9 10 ]
[ 3 4 0 ]
[ 5 1 0 ]
[ 6 3 2 ]
[ 6 5 4 ]
[ 6 14 1 ]
[ 1 11 12 ]
[ 13 14 8 ]
[ 14 2 9 ]
[ 2 15 10 ]
