b
Points:
[ 0.5 -0.5 -0.5 ]
[ -0.5 -0.5 -0.5 ]
[ -0.5 0.5 -0.5 ]
[ 0.5 0.5 -0.5 ]
[ 0.5 -0.5 -0.5 ]
[ 0.5 0.5 -0.5 ]
[ 0.5 0.5 0.5 ]
[ 0.5 -0.5 0.5 ]
[ 0.5 -0.5 -0.5 ]
[ 0.5 -0.5 0.5 ]
[ -0.5 -0.5 0.5 ]
[ -0.5 -0.5 -0.5 ]
[ 0.5 0.5 -0.5 ]
[ -0.5 0.5 -0.5 ]
[ -0.5 0.5 0.5 ]
[ 0.5 0.5 0.5 ]
[ 0.5 -0.5 0.5 ]
[ 0.5 0.5 0.5 ]
[ -0.5 0.5 0.5 ]
[ -0.5 -0.5 0.5 ]
[ -0.5 -0.5 -0.5 ]
[ -0.5 -0.5 0.5 ]
[ -0.5 0.5 0.5 ]
[ -0.5 0.5 -0.5 ]
Triangles:
[ 0 1 2 ]
[ 4 5 6 ]
[ 8 9 10 ]
[ 12 13 14 ]
[ 16 17 18 ]
[ 20 21 22 ]
[ 2 3 0 ]
[ 6 7 4 ]
[ 10 11 8 ]
[ 14 15 12 ]
[ 18 19 16 ]
[ 22 23 20 ]
