extruding 6 edges, vertices of val 3, 3, 3, 3, 3, 3, 
Vertices before slitting: 
Vertex: 0 Position: [ 1 -1 -1 ]
Vertex: 1 Position: [ -1 -1 -1 ]
Vertex: 2 Position: [ -1 1 -1 ]
Vertex: 3 Position: [ 1 1 -1 ]
Vertex: 6 Position: [ 1 1 1 ]
Vertex: 7 Position: [ 1 -1 1 ]
Vertex: 10 Position: [ -1 -1 1 ]
Vertex: 14 Position: [ -1 1 1 ]

 === SLITTING IN PROGRESS ===
Slitting vertex: 1 position: [ -1 -1 -1 ]
Resulting slit vertex: 24 position: [ -1 -1 -1 ]
Resulting slit vertex after correction: 24 position: [ -1 -1 -1 ]
Slitting vertex: 2 position: [ -1 1 -1 ]
Resulting slit vertex: 25 position: [ -1 1 -1 ]
Resulting slit vertex after correction: 25 position: [ -1 1 -1 ]
Slitting vertex: 3 position: [ 1 1 -1 ]
Resulting slit vertex: 26 position: [ 1 1 -1 ]
Resulting slit vertex after correction: 26 position: [ 1 1 -1 ]
Slitting vertex: 6 position: [ 1 1 1 ]
Resulting slit vertex: 27 position: [ 1 1 1 ]
Resulting slit vertex after correction: 27 position: [ 1 1 1 ]
Slitting vertex: 7 position: [ 1 -1 1 ]
Resulting slit vertex: 28 position: [ -1.45682e+144 -1.45682e+144 -1.45682e+144 ]
Resulting slit vertex after correction: 28 position: [ 1 -1 1 ]
Slitting vertex: 0 position: [ 1 -1 -1 ]
Resulting slit vertex: 29 position: [ 1 -1 -1 ]
Resulting slit vertex after correction: 29 position: [ 1 -1 -1 ]
Vertices after slitting: 
Vertex: 0 Position: [ 1 -1 -1 ]
Vertex: 1 Position: [ -1 -1 -1 ]
Vertex: 2 Position: [ -1 1 -1 ]
Vertex: 3 Position: [ 1 1 -1 ]
Vertex: 6 Position: [ 1 1 1 ]
Vertex: 7 Position: [ 1 -1 1 ]
Vertex: 10 Position: [ -1 -1 1 ]
Vertex: 14 Position: [ -1 1 1 ]
Vertex: 24 Position: [ -1 -1 -1 ]
Vertex: 25 Position: [ -1 1 -1 ]
Vertex: 26 Position: [ 1 1 -1 ]
Vertex: 27 Position: [ 1 1 1 ]
Vertex: 28 Position: [ 1 -1 1 ]
Vertex: 29 Position: [ 1 -1 -1 ]
 === INIT ===
Vertex 0 Cluster ID : -1 POSITION [ 1 -1 -1 ]
Vertex 1 Cluster ID : -1 POSITION [ -1 -1 -1 ]
Vertex 2 Cluster ID : -1 POSITION [ -1 1 -1 ]
Vertex 3 Cluster ID : -1 POSITION [ 1 1 -1 ]
Vertex 6 Cluster ID : -1 POSITION [ 1 1 1 ]
Vertex 7 Cluster ID : -1 POSITION [ 1 -1 1 ]
Vertex 10 Cluster ID : -1 POSITION [ -1 -1 1 ]
Vertex 14 Cluster ID : -1 POSITION [ -1 1 1 ]
Vertex 24 Cluster ID : -1 POSITION [ -1 -1 -1 ]
Vertex 25 Cluster ID : -1 POSITION [ -1 1 -1 ]
Vertex 26 Cluster ID : -1 POSITION [ 1 1 -1 ]
Vertex 27 Cluster ID : -1 POSITION [ 1 1 1 ]
Vertex 28 Cluster ID : -1 POSITION [ 1 -1 1 ]
Vertex 29 Cluster ID : -1 POSITION [ 1 -1 -1 ]

PROGRESS
Vertex 24 CLUSTER ASSIGNED: 1 REFERENCE: 000000005D949A90 POSITION [ -1 -1 -1 ]
Vertex 29 CLUSTER ASSIGNED: 2 REFERENCE: 000000005D949AA4 POSITION [ 1 -1 -1 ]
Vertex 0 CLUSTER ASSIGNED: 3 REFERENCE: 000000005D949A30 POSITION [ 1 -1 -1 ]
Vertex 1 CLUSTER ASSIGNED: 4 REFERENCE: 000000005D949A34 POSITION [ -1 -1 -1 ]
Vertex 30 CLUSTER BEFORE ASSIGN: -1 REFERENCE before first assign: 000000006B625EA8 POSITION [ -1 -1 -1 ]
Vertex 30 CLUSTER COPIED: 1 REFERENCE: 000000006B625EA8 POSITION [ -1 -1 -1 ]
Fixed Vertex 30 CLUSTER COPIED: 1 REFERENCE: 000000006B625EA8 POSITION [ -1 -1 -1 ]
Vertex 31 CLUSTER BEFORE ASSIGN: -1 REFERENCE before first assign: 000000006B625EAC POSITION [ 1 -1 -1 ]
Vertex 31 CLUSTER COPIED: 2 REFERENCE: 000000006B625EAC POSITION [ 1 -1 -1 ]
Fixed Vertex 31 CLUSTER COPIED: 2 REFERENCE: 000000006B625EAC POSITION [ 1 -1 -1 ]
Vertex 32 CLUSTER BEFORE ASSIGN: -1 REFERENCE before first assign: 000000006B625EB0 POSITION [ 1 -1 -1 ]
Vertex 32 CLUSTER COPIED: 3 REFERENCE: 000000006B625EB0 POSITION [ 1 -1 -1 ]
Fixed Vertex 32 CLUSTER COPIED: 3 REFERENCE: 000000006B625EB0 POSITION [ 1 -1 -1 ]
Vertex 33 CLUSTER BEFORE ASSIGN: -1 REFERENCE before first assign: 000000006B625EB4 POSITION [ -1 -1 -1 ]
Vertex 33 CLUSTER COPIED: 4 REFERENCE: 000000006B625EB4 POSITION [ -1 -1 -1 ]
Fixed Vertex 33 CLUSTER COPIED: 4 REFERENCE: 000000006B625EB4 POSITION [ -1 -1 -1 ]
Vertex 25 CLUSTER ASSIGNED: 5 REFERENCE: 000000006B625E94 POSITION [ -1 1 -1 ]
Vertex 24 CLUSTER ASSIGNED: 1 REFERENCE: 000000006B625E90 POSITION [ -1 -1 -1 ]
Vertex 1 CLUSTER ASSIGNED: 4 REFERENCE: 000000006B625E34 POSITION [ -1 -1 -1 ]
Vertex 2 CLUSTER ASSIGNED: 6 REFERENCE: 000000006B625E38 POSITION [ -1 1 -1 ]
Vertex 34 CLUSTER BEFORE ASSIGN: -1 REFERENCE before first assign: 000000006B625EB8 POSITION [ -1 1 -1 ]
Vertex 34 CLUSTER COPIED: 5 REFERENCE: 000000006B625EB8 POSITION [ -1 1 -1 ]
Fixed Vertex 34 CLUSTER COPIED: 5 REFERENCE: 000000006B625EB8 POSITION [ -1 1 -1 ]
Vertex 35 CLUSTER BEFORE ASSIGN: -1 REFERENCE before first assign: 000000006B625EBC POSITION [ -1 -1 -1 ]
Vertex 35 CLUSTER COPIED: 1 REFERENCE: 000000006B625EBC POSITION [ -1 -1 -1 ]
Fixed Vertex 35 CLUSTER COPIED: 1 REFERENCE: 000000006B625EBC POSITION [ -1 -1 -1 ]
Vertex 36 CLUSTER BEFORE ASSIGN: -1 REFERENCE before first assign: 000000006B625EC0 POSITION [ -1 -1 -1 ]
Vertex 36 CLUSTER COPIED: 4 REFERENCE: 000000006B625EC0 POSITION [ -1 -1 -1 ]
Fixed Vertex 36 CLUSTER COPIED: 4 REFERENCE: 000000006B625EC0 POSITION [ -1 -1 -1 ]
Vertex 37 CLUSTER BEFORE ASSIGN: -1 REFERENCE before first assign: 000000006B625EC4 POSITION [ -1 1 -1 ]
Vertex 37 CLUSTER COPIED: 6 REFERENCE: 000000006B625EC4 POSITION [ -1 1 -1 ]
Fixed Vertex 37 CLUSTER COPIED: 6 REFERENCE: 000000006B625EC4 POSITION [ -1 1 -1 ]
Vertex 26 CLUSTER ASSIGNED: 7 REFERENCE: 000000006B625E98 POSITION [ 1 1 -1 ]
Vertex 25 CLUSTER ASSIGNED: 5 REFERENCE: 000000006B625E94 POSITION [ -1 1 -1 ]
Vertex 2 CLUSTER ASSIGNED: 6 REFERENCE: 000000006B625E38 POSITION [ -1 1 -1 ]
Vertex 3 CLUSTER ASSIGNED: 8 REFERENCE: 000000006B625E3C POSITION [ 1 1 -1 ]
Vertex 38 CLUSTER BEFORE ASSIGN: -1 REFERENCE before first assign: 000000006B625EC8 POSITION [ 1 1 -1 ]
Vertex 38 CLUSTER COPIED: 7 REFERENCE: 000000006B625EC8 POSITION [ 1 1 -1 ]
Fixed Vertex 38 CLUSTER COPIED: 7 REFERENCE: 000000006B625EC8 POSITION [ 1 1 -1 ]
Vertex 39 CLUSTER BEFORE ASSIGN: -1 REFERENCE before first assign: 000000006B625ECC POSITION [ -1 1 -1 ]
Vertex 39 CLUSTER COPIED: 5 REFERENCE: 000000006B625ECC POSITION [ -1 1 -1 ]
Fixed Vertex 39 CLUSTER COPIED: 5 REFERENCE: 000000006B625ECC POSITION [ -1 1 -1 ]
Vertex 40 CLUSTER BEFORE ASSIGN: -1 REFERENCE before first assign: 000000006B625ED0 POSITION [ -1 1 -1 ]
Vertex 40 CLUSTER COPIED: 6 REFERENCE: 000000006B625ED0 POSITION [ -1 1 -1 ]
Fixed Vertex 40 CLUSTER COPIED: 6 REFERENCE: 000000006B625ED0 POSITION [ -1 1 -1 ]
Vertex 41 CLUSTER BEFORE ASSIGN: -1 REFERENCE before first assign: 000000006B625ED4 POSITION [ 1 1 -1 ]
Vertex 41 CLUSTER COPIED: 8 REFERENCE: 000000006B625ED4 POSITION [ 1 1 -1 ]
Fixed Vertex 41 CLUSTER COPIED: 8 REFERENCE: 000000006B625ED4 POSITION [ 1 1 -1 ]
Vertex 27 CLUSTER ASSIGNED: 9 REFERENCE: 000000006B625E9C POSITION [ 1 1 1 ]
Vertex 26 CLUSTER ASSIGNED: 7 REFERENCE: 000000006B625E98 POSITION [ 1 1 -1 ]
Vertex 3 CLUSTER ASSIGNED: 8 REFERENCE: 000000006B625E3C POSITION [ 1 1 -1 ]
Vertex 6 CLUSTER ASSIGNED: 10 REFERENCE: 000000006B625E48 POSITION [ 1 1 1 ]
Vertex 42 CLUSTER BEFORE ASSIGN: -1 REFERENCE before first assign: 000000006B625ED8 POSITION [ 1 1 1 ]
Vertex 42 CLUSTER COPIED: 9 REFERENCE: 000000006B625ED8 POSITION [ 1 1 1 ]
Fixed Vertex 42 CLUSTER COPIED: 9 REFERENCE: 000000006B625ED8 POSITION [ 1 1 1 ]
Vertex 43 CLUSTER BEFORE ASSIGN: -1 REFERENCE before first assign: 000000006B625EDC POSITION [ 1 1 -1 ]
Vertex 43 CLUSTER COPIED: 7 REFERENCE: 000000006B625EDC POSITION [ 1 1 -1 ]
Fixed Vertex 43 CLUSTER COPIED: 7 REFERENCE: 000000006B625EDC POSITION [ 1 1 -1 ]
Vertex 44 CLUSTER BEFORE ASSIGN: -1 REFERENCE before first assign: 000000006B625EE0 POSITION [ 1 1 -1 ]
Vertex 44 CLUSTER COPIED: 8 REFERENCE: 000000006B625EE0 POSITION [ 1 1 -1 ]
Fixed Vertex 44 CLUSTER COPIED: 8 REFERENCE: 000000006B625EE0 POSITION [ 1 1 -1 ]
Vertex 45 CLUSTER BEFORE ASSIGN: -1 REFERENCE before first assign: 000000000DBA7B14 POSITION [ 1 1 1 ]
Vertex 45 CLUSTER COPIED: 10 REFERENCE: 000000000DBA7B14 POSITION [ 1 1 1 ]
Fixed Vertex 45 CLUSTER COPIED: 10 REFERENCE: 000000000DBA7B14 POSITION [ 1 1 1 ]
Vertex 28 CLUSTER ASSIGNED: 11 REFERENCE: 000000000DBA7AD0 POSITION [ 1 -1 1 ]
Vertex 27 CLUSTER ASSIGNED: 9 REFERENCE: 000000000DBA7ACC POSITION [ 1 1 1 ]
Vertex 6 CLUSTER ASSIGNED: 10 REFERENCE: 000000000DBA7A78 POSITION [ 1 1 1 ]
Vertex 7 CLUSTER ASSIGNED: 12 REFERENCE: 000000000DBA7A7C POSITION [ 1 -1 1 ]
Vertex 46 CLUSTER BEFORE ASSIGN: -1 REFERENCE before first assign: 000000000DBA7B18 POSITION [ 1 -1 1 ]
Vertex 46 CLUSTER COPIED: 11 REFERENCE: 000000000DBA7B18 POSITION [ 1 -1 1 ]
Fixed Vertex 46 CLUSTER COPIED: 11 REFERENCE: 000000000DBA7B18 POSITION [ 1 -1 1 ]
Vertex 47 CLUSTER BEFORE ASSIGN: -1 REFERENCE before first assign: 000000000DBA7B1C POSITION [ 1 1 1 ]
Vertex 47 CLUSTER COPIED: 9 REFERENCE: 000000000DBA7B1C POSITION [ 1 1 1 ]
Fixed Vertex 47 CLUSTER COPIED: 9 REFERENCE: 000000000DBA7B1C POSITION [ 1 1 1 ]
Vertex 48 CLUSTER BEFORE ASSIGN: -1 REFERENCE before first assign: 000000000DBA7B20 POSITION [ 1 1 1 ]
Vertex 48 CLUSTER COPIED: 10 REFERENCE: 000000000DBA7B20 POSITION [ 1 1 1 ]
Fixed Vertex 48 CLUSTER COPIED: 10 REFERENCE: 000000000DBA7B20 POSITION [ 1 1 1 ]
Vertex 49 CLUSTER BEFORE ASSIGN: -1 REFERENCE before first assign: 000000000DBA7B24 POSITION [ 1 -1 1 ]
Vertex 49 CLUSTER COPIED: 12 REFERENCE: 000000000DBA7B24 POSITION [ 1 -1 1 ]
Fixed Vertex 49 CLUSTER COPIED: 12 REFERENCE: 000000000DBA7B24 POSITION [ 1 -1 1 ]
Vertex 29 CLUSTER ASSIGNED: 2 REFERENCE: 000000000DBA7AD4 POSITION [ 1 -1 -1 ]
Vertex 28 CLUSTER ASSIGNED: 11 REFERENCE: 000000000DBA7AD0 POSITION [ 1 -1 1 ]
Vertex 7 CLUSTER ASSIGNED: 12 REFERENCE: 000000000DBA7A7C POSITION [ 1 -1 1 ]
Vertex 0 CLUSTER ASSIGNED: 3 REFERENCE: 000000000DBA7A60 POSITION [ 1 -1 -1 ]
Vertex 50 CLUSTER BEFORE ASSIGN: -1 REFERENCE before first assign: 000000000DBA7B28 POSITION [ 1 -1 -1 ]
Vertex 50 CLUSTER COPIED: 2 REFERENCE: 000000000DBA7B28 POSITION [ 1 -1 -1 ]
Fixed Vertex 50 CLUSTER COPIED: 2 REFERENCE: 000000000DBA7B28 POSITION [ 1 -1 -1 ]
Vertex 51 CLUSTER BEFORE ASSIGN: -1 REFERENCE before first assign: 000000000DBA7B2C POSITION [ 1 -1 1 ]
Vertex 51 CLUSTER COPIED: 11 REFERENCE: 000000000DBA7B2C POSITION [ 1 -1 1 ]
Fixed Vertex 51 CLUSTER COPIED: 11 REFERENCE: 000000000DBA7B2C POSITION [ 1 -1 1 ]
Vertex 52 CLUSTER BEFORE ASSIGN: -1 REFERENCE before first assign: 000000000DBA7B30 POSITION [ 1 -1 1 ]
Vertex 52 CLUSTER COPIED: 12 REFERENCE: 000000000DBA7B30 POSITION [ 1 -1 1 ]
Fixed Vertex 52 CLUSTER COPIED: 12 REFERENCE: 000000000DBA7B30 POSITION [ 1 -1 1 ]
Vertex 53 CLUSTER BEFORE ASSIGN: -1 REFERENCE before first assign: 000000000DBA7B34 POSITION [ 1 -1 -1 ]
Vertex 53 CLUSTER COPIED: 3 REFERENCE: 000000000DBA7B34 POSITION [ 1 -1 -1 ]
Fixed Vertex 53 CLUSTER COPIED: 3 REFERENCE: 000000000DBA7B34 POSITION [ 1 -1 -1 ]
 === RES ===
Vertex 0 Cluster ID : 3 POSITION [ 1 -1 -1 ]
Vertex 1 Cluster ID : 4 POSITION [ -1 -1 -1 ]
Vertex 2 Cluster ID : 6 POSITION [ -1 1 -1 ]
Vertex 3 Cluster ID : 8 POSITION [ 1 1 -1 ]
Vertex 6 Cluster ID : 10 POSITION [ 1 1 1 ]
Vertex 7 Cluster ID : 12 POSITION [ 1 -1 1 ]
Vertex 10 Cluster ID : -1 POSITION [ -1 -1 1 ]
Vertex 14 Cluster ID : -1 POSITION [ -1 1 1 ]
Vertex 24 Cluster ID : 1 POSITION [ -1 -1 -1 ]
Vertex 25 Cluster ID : 5 POSITION [ -1 1 -1 ]
Vertex 26 Cluster ID : 7 POSITION [ 1 1 -1 ]
Vertex 27 Cluster ID : 9 POSITION [ 1 1 1 ]
Vertex 28 Cluster ID : 11 POSITION [ 1 -1 1 ]
Vertex 29 Cluster ID : 2 POSITION [ 1 -1 -1 ]
Vertex 30 Cluster ID : 1 POSITION [ -1 -1 -1 ]
Vertex 31 Cluster ID : 2 POSITION [ 1 -1 -1 ]
Vertex 32 Cluster ID : 3 POSITION [ 1 -1 -1 ]
Vertex 33 Cluster ID : 4 POSITION [ -1 -1 -1 ]
Vertex 34 Cluster ID : 5 POSITION [ -1 1 -1 ]
Vertex 35 Cluster ID : 1 POSITION [ -1 -1 -1 ]
Vertex 36 Cluster ID : 4 POSITION [ -1 -1 -1 ]
Vertex 37 Cluster ID : 6 POSITION [ -1 1 -1 ]
Vertex 38 Cluster ID : 7 POSITION [ 1 1 -1 ]
Vertex 39 Cluster ID : 5 POSITION [ -1 1 -1 ]
Vertex 40 Cluster ID : 6 POSITION [ -1 1 -1 ]
Vertex 41 Cluster ID : 8 POSITION [ 1 1 -1 ]
Vertex 42 Cluster ID : 9 POSITION [ 1 1 1 ]
Vertex 43 Cluster ID : 7 POSITION [ 1 1 -1 ]
Vertex 44 Cluster ID : 8 POSITION [ 1 1 -1 ]
Vertex 45 Cluster ID : 10 POSITION [ 1 1 1 ]
Vertex 46 Cluster ID : 11 POSITION [ 1 -1 1 ]
Vertex 47 Cluster ID : 9 POSITION [ 1 1 1 ]
Vertex 48 Cluster ID : 10 POSITION [ 1 1 1 ]
Vertex 49 Cluster ID : 12 POSITION [ 1 -1 1 ]
Vertex 50 Cluster ID : 2 POSITION [ 1 -1 -1 ]
Vertex 51 Cluster ID : 11 POSITION [ 1 -1 1 ]
Vertex 52 Cluster ID : 12 POSITION [ 1 -1 1 ]
Vertex 53 Cluster ID : 3 POSITION [ 1 -1 -1 ]
